1578997100761	mozrunner::runner	INFO	Running command: "/Applications/Firefox.app/Contents/MacOS/firefox-bin" "-marionette" "-foreground" "-no-remote" "-profile" "/var/folders/lt/z4k955_s7873rtg8xd_lw_3cgbwk94/T/rust_mozprofileptHvRN"
1578997101397	addons.webextension.screenshots@mozilla.org	WARN	Loading extension 'screenshots@mozilla.org': Reading manifest: Invalid extension permission: mozillaAddons
1578997101397	addons.webextension.screenshots@mozilla.org	WARN	Loading extension 'screenshots@mozilla.org': Reading manifest: Invalid extension permission: telemetry
1578997101397	addons.webextension.screenshots@mozilla.org	WARN	Loading extension 'screenshots@mozilla.org': Reading manifest: Invalid extension permission: resource://pdf.js/
1578997101397	addons.webextension.screenshots@mozilla.org	WARN	Loading extension 'screenshots@mozilla.org': Reading manifest: Invalid extension permission: about:reader*
1578997103318	Marionette	INFO	Listening on port 57831
1578997103336	Marionette	WARN	TLS certificate errors will be ignored for this session
1578997812398	Marionette	INFO	Stopped listening on port 57831
1578997844829	mozrunner::runner	INFO	Running command: "/Applications/Firefox.app/Contents/MacOS/firefox-bin" "-marionette" "-foreground" "-no-remote" "-profile" "/var/folders/lt/z4k955_s7873rtg8xd_lw_3cgbwk94/T/rust_mozprofileuR624H"
1578997845381	addons.webextension.screenshots@mozilla.org	WARN	Loading extension 'screenshots@mozilla.org': Reading manifest: Invalid extension permission: mozillaAddons
1578997845381	addons.webextension.screenshots@mozilla.org	WARN	Loading extension 'screenshots@mozilla.org': Reading manifest: Invalid extension permission: telemetry
1578997845381	addons.webextension.screenshots@mozilla.org	WARN	Loading extension 'screenshots@mozilla.org': Reading manifest: Invalid extension permission: resource://pdf.js/
1578997845381	addons.webextension.screenshots@mozilla.org	WARN	Loading extension 'screenshots@mozilla.org': Reading manifest: Invalid extension permission: about:reader*
1578997847166	Marionette	INFO	Listening on port 60958
1578997847181	Marionette	WARN	TLS certificate errors will be ignored for this session
1578997872630	mozrunner::runner	INFO	Running command: "/Applications/Firefox.app/Contents/MacOS/firefox-bin" "-marionette" "-foreground" "-no-remote" "-profile" "/var/folders/lt/z4k955_s7873rtg8xd_lw_3cgbwk94/T/rust_mozprofilehGhvOx"
1578997873035	addons.webextension.screenshots@mozilla.org	WARN	Loading extension 'screenshots@mozilla.org': Reading manifest: Invalid extension permission: mozillaAddons
1578997873035	addons.webextension.screenshots@mozilla.org	WARN	Loading extension 'screenshots@mozilla.org': Reading manifest: Invalid extension permission: telemetry
1578997873035	addons.webextension.screenshots@mozilla.org	WARN	Loading extension 'screenshots@mozilla.org': Reading manifest: Invalid extension permission: resource://pdf.js/
1578997873035	addons.webextension.screenshots@mozilla.org	WARN	Loading extension 'screenshots@mozilla.org': Reading manifest: Invalid extension permission: about:reader*
1578997874825	Marionette	INFO	Listening on port 61135
1578997874883	Marionette	WARN	TLS certificate errors will be ignored for this session
1578998241466	mozrunner::runner	INFO	Running command: "/Applications/Firefox.app/Contents/MacOS/firefox-bin" "-marionette" "-foreground" "-no-remote" "-profile" "/var/folders/lt/z4k955_s7873rtg8xd_lw_3cgbwk94/T/rust_mozprofile5jcoZ2"
1578998241964	addons.webextension.screenshots@mozilla.org	WARN	Loading extension 'screenshots@mozilla.org': Reading manifest: Invalid extension permission: mozillaAddons
1578998241964	addons.webextension.screenshots@mozilla.org	WARN	Loading extension 'screenshots@mozilla.org': Reading manifest: Invalid extension permission: telemetry
1578998241965	addons.webextension.screenshots@mozilla.org	WARN	Loading extension 'screenshots@mozilla.org': Reading manifest: Invalid extension permission: resource://pdf.js/
1578998241965	addons.webextension.screenshots@mozilla.org	WARN	Loading extension 'screenshots@mozilla.org': Reading manifest: Invalid extension permission: about:reader*
1578998243626	Marionette	INFO	Listening on port 62671
1578998243720	Marionette	WARN	TLS certificate errors will be ignored for this session
1578998314157	Marionette	INFO	Stopped listening on port 62671
1578998316467	Marionette	INFO	Stopped listening on port 61135
1578998318567	Marionette	INFO	Stopped listening on port 60958
1578998716458	mozrunner::runner	INFO	Running command: "/Applications/Firefox.app/Contents/MacOS/firefox-bin" "-marionette" "-foreground" "-no-remote" "-profile" "/var/folders/lt/z4k955_s7873rtg8xd_lw_3cgbwk94/T/rust_mozprofileAY7njT"
1578998716988	addons.webextension.screenshots@mozilla.org	WARN	Loading extension 'screenshots@mozilla.org': Reading manifest: Invalid extension permission: mozillaAddons
1578998716988	addons.webextension.screenshots@mozilla.org	WARN	Loading extension 'screenshots@mozilla.org': Reading manifest: Invalid extension permission: telemetry
1578998716988	addons.webextension.screenshots@mozilla.org	WARN	Loading extension 'screenshots@mozilla.org': Reading manifest: Invalid extension permission: resource://pdf.js/
1578998716988	addons.webextension.screenshots@mozilla.org	WARN	Loading extension 'screenshots@mozilla.org': Reading manifest: Invalid extension permission: about:reader*
1578998718804	Marionette	INFO	Listening on port 64696
1578998718907	Marionette	WARN	TLS certificate errors will be ignored for this session
1578998909978	Marionette	INFO	Stopped listening on port 64696
1578998915627	mozrunner::runner	INFO	Running command: "/Applications/Firefox.app/Contents/MacOS/firefox-bin" "-marionette" "-foreground" "-no-remote" "-profile" "/var/folders/lt/z4k955_s7873rtg8xd_lw_3cgbwk94/T/rust_mozprofiledS9MO2"
1578998916039	addons.webextension.screenshots@mozilla.org	WARN	Loading extension 'screenshots@mozilla.org': Reading manifest: Invalid extension permission: mozillaAddons
1578998916040	addons.webextension.screenshots@mozilla.org	WARN	Loading extension 'screenshots@mozilla.org': Reading manifest: Invalid extension permission: telemetry
1578998916040	addons.webextension.screenshots@mozilla.org	WARN	Loading extension 'screenshots@mozilla.org': Reading manifest: Invalid extension permission: resource://pdf.js/
1578998916040	addons.webextension.screenshots@mozilla.org	WARN	Loading extension 'screenshots@mozilla.org': Reading manifest: Invalid extension permission: about:reader*
1578998917772	Marionette	INFO	Listening on port 49226
1578998917785	Marionette	WARN	TLS certificate errors will be ignored for this session
1578999486114	Marionette	INFO	Stopped listening on port 49226
1578999496485	mozrunner::runner	INFO	Running command: "/Applications/Firefox.app/Contents/MacOS/firefox-bin" "-marionette" "-foreground" "-no-remote" "-profile" "/var/folders/lt/z4k955_s7873rtg8xd_lw_3cgbwk94/T/rust_mozprofileL3FdR1"
1578999496994	addons.webextension.screenshots@mozilla.org	WARN	Loading extension 'screenshots@mozilla.org': Reading manifest: Invalid extension permission: mozillaAddons
1578999496994	addons.webextension.screenshots@mozilla.org	WARN	Loading extension 'screenshots@mozilla.org': Reading manifest: Invalid extension permission: telemetry
1578999496994	addons.webextension.screenshots@mozilla.org	WARN	Loading extension 'screenshots@mozilla.org': Reading manifest: Invalid extension permission: resource://pdf.js/
1578999496994	addons.webextension.screenshots@mozilla.org	WARN	Loading extension 'screenshots@mozilla.org': Reading manifest: Invalid extension permission: about:reader*
1578999498798	Marionette	INFO	Listening on port 51618
1578999498836	Marionette	WARN	TLS certificate errors will be ignored for this session
1579000171497	mozrunner::runner	INFO	Running command: "/Applications/Firefox.app/Contents/MacOS/firefox-bin" "-marionette" "-foreground" "-no-remote" "-profile" "/var/folders/lt/z4k955_s7873rtg8xd_lw_3cgbwk94/T/rust_mozprofilegoDvn0"
1579000171910	addons.webextension.screenshots@mozilla.org	WARN	Loading extension 'screenshots@mozilla.org': Reading manifest: Invalid extension permission: mozillaAddons
1579000171911	addons.webextension.screenshots@mozilla.org	WARN	Loading extension 'screenshots@mozilla.org': Reading manifest: Invalid extension permission: telemetry
1579000171911	addons.webextension.screenshots@mozilla.org	WARN	Loading extension 'screenshots@mozilla.org': Reading manifest: Invalid extension permission: resource://pdf.js/
1579000171911	addons.webextension.screenshots@mozilla.org	WARN	Loading extension 'screenshots@mozilla.org': Reading manifest: Invalid extension permission: about:reader*
1579000173712	Marionette	INFO	Listening on port 54394
1579000173755	Marionette	WARN	TLS certificate errors will be ignored for this session
1579000224151	Marionette	INFO	Stopped listening on port 54394
1579000226270	Marionette	INFO	Stopped listening on port 51618
1579000230503	mozrunner::runner	INFO	Running command: "/Applications/Firefox.app/Contents/MacOS/firefox-bin" "-marionette" "-foreground" "-no-remote" "-profile" "/var/folders/lt/z4k955_s7873rtg8xd_lw_3cgbwk94/T/rust_mozprofileQ0vfWa"
1579000230913	addons.webextension.screenshots@mozilla.org	WARN	Loading extension 'screenshots@mozilla.org': Reading manifest: Invalid extension permission: mozillaAddons
1579000230913	addons.webextension.screenshots@mozilla.org	WARN	Loading extension 'screenshots@mozilla.org': Reading manifest: Invalid extension permission: telemetry
1579000230913	addons.webextension.screenshots@mozilla.org	WARN	Loading extension 'screenshots@mozilla.org': Reading manifest: Invalid extension permission: resource://pdf.js/
1579000230913	addons.webextension.screenshots@mozilla.org	WARN	Loading extension 'screenshots@mozilla.org': Reading manifest: Invalid extension permission: about:reader*
1579000232713	Marionette	INFO	Listening on port 54694
1579000232765	Marionette	WARN	TLS certificate errors will be ignored for this session
1579000300516	mozrunner::runner	INFO	Running command: "/Applications/Firefox.app/Contents/MacOS/firefox-bin" "-marionette" "-foreground" "-no-remote" "-profile" "/var/folders/lt/z4k955_s7873rtg8xd_lw_3cgbwk94/T/rust_mozprofilexe6n59"
1579000300976	addons.webextension.screenshots@mozilla.org	WARN	Loading extension 'screenshots@mozilla.org': Reading manifest: Invalid extension permission: mozillaAddons
1579000300977	addons.webextension.screenshots@mozilla.org	WARN	Loading extension 'screenshots@mozilla.org': Reading manifest: Invalid extension permission: telemetry
1579000300977	addons.webextension.screenshots@mozilla.org	WARN	Loading extension 'screenshots@mozilla.org': Reading manifest: Invalid extension permission: resource://pdf.js/
1579000300977	addons.webextension.screenshots@mozilla.org	WARN	Loading extension 'screenshots@mozilla.org': Reading manifest: Invalid extension permission: about:reader*
1579000302712	Marionette	INFO	Listening on port 55090
1579000302787	Marionette	WARN	TLS certificate errors will be ignored for this session
1579000534859	Marionette	INFO	Stopped listening on port 55090
1579000539753	Marionette	INFO	Stopped listening on port 54694
1579000682896	mozrunner::runner	INFO	Running command: "/Applications/Firefox.app/Contents/MacOS/firefox-bin" "-marionette" "-foreground" "-no-remote" "-profile" "/var/folders/lt/z4k955_s7873rtg8xd_lw_3cgbwk94/T/rust_mozprofilelN1y4a"
1579000683365	addons.webextension.screenshots@mozilla.org	WARN	Loading extension 'screenshots@mozilla.org': Reading manifest: Invalid extension permission: mozillaAddons
1579000683365	addons.webextension.screenshots@mozilla.org	WARN	Loading extension 'screenshots@mozilla.org': Reading manifest: Invalid extension permission: telemetry
1579000683365	addons.webextension.screenshots@mozilla.org	WARN	Loading extension 'screenshots@mozilla.org': Reading manifest: Invalid extension permission: resource://pdf.js/
1579000683365	addons.webextension.screenshots@mozilla.org	WARN	Loading extension 'screenshots@mozilla.org': Reading manifest: Invalid extension permission: about:reader*
1579000685141	Marionette	INFO	Listening on port 56758
1579000685149	Marionette	WARN	TLS certificate errors will be ignored for this session
1579000971744	Marionette	INFO	Stopped listening on port 56758
1579000983606	mozrunner::runner	INFO	Running command: "/Applications/Firefox.app/Contents/MacOS/firefox-bin" "-marionette" "-foreground" "-no-remote" "-profile" "/var/folders/lt/z4k955_s7873rtg8xd_lw_3cgbwk94/T/rust_mozprofilex0hW7I"
1579000984178	addons.webextension.screenshots@mozilla.org	WARN	Loading extension 'screenshots@mozilla.org': Reading manifest: Invalid extension permission: mozillaAddons
1579000984178	addons.webextension.screenshots@mozilla.org	WARN	Loading extension 'screenshots@mozilla.org': Reading manifest: Invalid extension permission: telemetry
1579000984178	addons.webextension.screenshots@mozilla.org	WARN	Loading extension 'screenshots@mozilla.org': Reading manifest: Invalid extension permission: resource://pdf.js/
1579000984178	addons.webextension.screenshots@mozilla.org	WARN	Loading extension 'screenshots@mozilla.org': Reading manifest: Invalid extension permission: about:reader*
1579000985998	Marionette	INFO	Listening on port 58089
1579000986047	Marionette	WARN	TLS certificate errors will be ignored for this session
1579001115472	mozrunner::runner	INFO	Running command: "/Applications/Firefox.app/Contents/MacOS/firefox-bin" "-marionette" "-foreground" "-no-remote" "-profile" "/var/folders/lt/z4k955_s7873rtg8xd_lw_3cgbwk94/T/rust_mozprofile7PC77p"
1579001115933	addons.webextension.screenshots@mozilla.org	WARN	Loading extension 'screenshots@mozilla.org': Reading manifest: Invalid extension permission: mozillaAddons
1579001115934	addons.webextension.screenshots@mozilla.org	WARN	Loading extension 'screenshots@mozilla.org': Reading manifest: Invalid extension permission: telemetry
1579001115934	addons.webextension.screenshots@mozilla.org	WARN	Loading extension 'screenshots@mozilla.org': Reading manifest: Invalid extension permission: resource://pdf.js/
1579001115934	addons.webextension.screenshots@mozilla.org	WARN	Loading extension 'screenshots@mozilla.org': Reading manifest: Invalid extension permission: about:reader*
1579001117731	Marionette	INFO	Listening on port 58797
1579001117822	Marionette	WARN	TLS certificate errors will be ignored for this session
1579001239822	mozrunner::runner	INFO	Running command: "/Applications/Firefox.app/Contents/MacOS/firefox-bin" "-marionette" "-foreground" "-no-remote" "-profile" "/var/folders/lt/z4k955_s7873rtg8xd_lw_3cgbwk94/T/rust_mozprofilejQSjzg"
1579001240293	addons.webextension.screenshots@mozilla.org	WARN	Loading extension 'screenshots@mozilla.org': Reading manifest: Invalid extension permission: mozillaAddons
1579001240293	addons.webextension.screenshots@mozilla.org	WARN	Loading extension 'screenshots@mozilla.org': Reading manifest: Invalid extension permission: telemetry
1579001240293	addons.webextension.screenshots@mozilla.org	WARN	Loading extension 'screenshots@mozilla.org': Reading manifest: Invalid extension permission: resource://pdf.js/
1579001240293	addons.webextension.screenshots@mozilla.org	WARN	Loading extension 'screenshots@mozilla.org': Reading manifest: Invalid extension permission: about:reader*
1579001242053	Marionette	INFO	Listening on port 59414
1579001242085	Marionette	WARN	TLS certificate errors will be ignored for this session
1579001242285	Marionette	INFO	Stopped listening on port 59414
1579001479451	Marionette	INFO	Stopped listening on port 58797
1579001481678	Marionette	INFO	Stopped listening on port 58089
1579150303925	mozrunner::runner	INFO	Running command: "/Applications/Firefox.app/Contents/MacOS/firefox-bin" "-marionette" "-foreground" "-no-remote" "-profile" "/var/folders/lt/z4k955_s7873rtg8xd_lw_3cgbwk94/T/rust_mozprofileNysnFa"
1579150304606	addons.webextension.screenshots@mozilla.org	WARN	Loading extension 'screenshots@mozilla.org': Reading manifest: Invalid extension permission: mozillaAddons
1579150304606	addons.webextension.screenshots@mozilla.org	WARN	Loading extension 'screenshots@mozilla.org': Reading manifest: Invalid extension permission: telemetry
1579150304606	addons.webextension.screenshots@mozilla.org	WARN	Loading extension 'screenshots@mozilla.org': Reading manifest: Invalid extension permission: resource://pdf.js/
1579150304606	addons.webextension.screenshots@mozilla.org	WARN	Loading extension 'screenshots@mozilla.org': Reading manifest: Invalid extension permission: about:reader*
1579150306706	Marionette	INFO	Listening on port 49684
1579150306802	Marionette	WARN	TLS certificate errors will be ignored for this session
1579150306978	Marionette	INFO	Stopped listening on port 49684
[Parent 960, Gecko_IOThread] WARNING: pipe error: Broken pipe: file /builds/worker/workspace/build/src/ipc/chromium/src/chrome/common/ipc_channel_posix.cc, line 728
1579151162223	mozrunner::runner	INFO	Running command: "/Applications/Firefox.app/Contents/MacOS/firefox-bin" "-marionette" "-foreground" "-no-remote" "-profile" "/var/folders/lt/z4k955_s7873rtg8xd_lw_3cgbwk94/T/rust_mozprofileVaRFni"
1579151162841	addons.webextension.screenshots@mozilla.org	WARN	Loading extension 'screenshots@mozilla.org': Reading manifest: Invalid extension permission: mozillaAddons
1579151162841	addons.webextension.screenshots@mozilla.org	WARN	Loading extension 'screenshots@mozilla.org': Reading manifest: Invalid extension permission: telemetry
1579151162841	addons.webextension.screenshots@mozilla.org	WARN	Loading extension 'screenshots@mozilla.org': Reading manifest: Invalid extension permission: resource://pdf.js/
1579151162841	addons.webextension.screenshots@mozilla.org	WARN	Loading extension 'screenshots@mozilla.org': Reading manifest: Invalid extension permission: about:reader*
1579151164906	Marionette	INFO	Listening on port 52013
1579151164985	Marionette	WARN	TLS certificate errors will be ignored for this session
1579151165149	Marionette	INFO	Stopped listening on port 52013
1579151355403	mozrunner::runner	INFO	Running command: "/Applications/Firefox.app/Contents/MacOS/firefox-bin" "-marionette" "-foreground" "-no-remote" "-profile" "/var/folders/lt/z4k955_s7873rtg8xd_lw_3cgbwk94/T/rust_mozprofilemeNxLp"
1579151355956	addons.webextension.screenshots@mozilla.org	WARN	Loading extension 'screenshots@mozilla.org': Reading manifest: Invalid extension permission: mozillaAddons
1579151355957	addons.webextension.screenshots@mozilla.org	WARN	Loading extension 'screenshots@mozilla.org': Reading manifest: Invalid extension permission: telemetry
1579151355957	addons.webextension.screenshots@mozilla.org	WARN	Loading extension 'screenshots@mozilla.org': Reading manifest: Invalid extension permission: resource://pdf.js/
1579151355957	addons.webextension.screenshots@mozilla.org	WARN	Loading extension 'screenshots@mozilla.org': Reading manifest: Invalid extension permission: about:reader*
1579151357848	Marionette	INFO	Listening on port 52898
1579151357875	Marionette	WARN	TLS certificate errors will be ignored for this session
1579151358064	Marionette	INFO	Stopped listening on port 52898
1579600682691	mozrunner::runner	INFO	Running command: "/Applications/Firefox.app/Contents/MacOS/firefox-bin" "-marionette" "-foreground" "-no-remote" "-profile" "/var/folders/lt/z4k955_s7873rtg8xd_lw_3cgbwk94/T/rust_mozprofilec709dc"
1579600683199	addons.webextension.screenshots@mozilla.org	WARN	Loading extension 'screenshots@mozilla.org': Reading manifest: Invalid extension permission: mozillaAddons
1579600683199	addons.webextension.screenshots@mozilla.org	WARN	Loading extension 'screenshots@mozilla.org': Reading manifest: Invalid extension permission: telemetry
1579600683199	addons.webextension.screenshots@mozilla.org	WARN	Loading extension 'screenshots@mozilla.org': Reading manifest: Invalid extension permission: resource://pdf.js/
1579600683200	addons.webextension.screenshots@mozilla.org	WARN	Loading extension 'screenshots@mozilla.org': Reading manifest: Invalid extension permission: about:reader*
1579600685021	Marionette	INFO	Listening on port 54601
1579600685062	Marionette	WARN	TLS certificate errors will be ignored for this session
1579600726901	mozrunner::runner	INFO	Running command: "/Applications/Firefox.app/Contents/MacOS/firefox-bin" "-marionette" "-foreground" "-no-remote" "-profile" "/var/folders/lt/z4k955_s7873rtg8xd_lw_3cgbwk94/T/rust_mozprofileZmwwAJ"
1579600727381	addons.webextension.screenshots@mozilla.org	WARN	Loading extension 'screenshots@mozilla.org': Reading manifest: Invalid extension permission: mozillaAddons
1579600727381	addons.webextension.screenshots@mozilla.org	WARN	Loading extension 'screenshots@mozilla.org': Reading manifest: Invalid extension permission: telemetry
1579600727381	addons.webextension.screenshots@mozilla.org	WARN	Loading extension 'screenshots@mozilla.org': Reading manifest: Invalid extension permission: resource://pdf.js/
1579600727382	addons.webextension.screenshots@mozilla.org	WARN	Loading extension 'screenshots@mozilla.org': Reading manifest: Invalid extension permission: about:reader*
1579600729396	Marionette	INFO	Listening on port 54844
1579600729448	Marionette	WARN	TLS certificate errors will be ignored for this session
1579600822560	mozrunner::runner	INFO	Running command: "/Applications/Firefox.app/Contents/MacOS/firefox-bin" "-marionette" "-foreground" "-no-remote" "-profile" "/var/folders/lt/z4k955_s7873rtg8xd_lw_3cgbwk94/T/rust_mozprofile3bwDZ0"
1579600823168	addons.webextension.screenshots@mozilla.org	WARN	Loading extension 'screenshots@mozilla.org': Reading manifest: Invalid extension permission: mozillaAddons
1579600823168	addons.webextension.screenshots@mozilla.org	WARN	Loading extension 'screenshots@mozilla.org': Reading manifest: Invalid extension permission: telemetry
1579600823168	addons.webextension.screenshots@mozilla.org	WARN	Loading extension 'screenshots@mozilla.org': Reading manifest: Invalid extension permission: resource://pdf.js/
1579600823168	addons.webextension.screenshots@mozilla.org	WARN	Loading extension 'screenshots@mozilla.org': Reading manifest: Invalid extension permission: about:reader*
1579600825132	Marionette	INFO	Listening on port 55295
1579600825236	Marionette	WARN	TLS certificate errors will be ignored for this session
1579603927103	Marionette	INFO	Stopped listening on port 55295
1579603929333	Marionette	INFO	Stopped listening on port 54844
1579603931438	Marionette	INFO	Stopped listening on port 54601
